2025-12-10 21:56:03 - godman_ai.server.api - INFO - list_presets completed in 0.40ms
2025-12-10 21:56:03 - godman_ai.server.api - INFO - get_preset completed in 0.08ms
2025-12-10 21:56:03 - godman_ai.server.api - INFO - get_preset completed in 0.06ms
2025-12-10 21:56:03 - godman_ai.server.api - INFO - get_preset completed in 0.06ms
2025-12-10 21:56:03 - godman_ai.server.api - ERROR - get_preset failed in 0.08ms
2025-12-10 21:56:03 - godman_ai.server.api - INFO - execute_handler completed in 0.52ms
2025-12-10 21:56:03 - godman_ai.server.api - INFO - execute_handler completed in 0.55ms
2025-12-10 21:56:03 - godman_ai.server.api - ERROR - execute_handler failed in 0.08ms
2025-12-10 21:56:03 - godman_ai.server.api - ERROR - execute_handler failed in 0.51ms
2025-12-10 21:56:03 - godman_ai.server.api - ERROR - execute_handler failed in 0.48ms
2025-12-10 21:56:03 - godman_ai.server.api - INFO - execute_handler completed in 29.69ms
2025-12-10 21:56:03 - godman_ai.server.api - INFO - execute_handler completed in 0.55ms
2025-12-10 21:56:03 - godman_ai.server.api - INFO - list_handler_tools completed in 0.07ms
2025-12-10 21:56:03 - godman_ai.server.api - INFO - execute_handler completed in 0.50ms
2025-12-10 22:01:52 - godman_ai.server.api - INFO - list_presets completed in 0.38ms
2025-12-10 22:01:52 - godman_ai.server.api - INFO - get_preset completed in 0.09ms
2025-12-10 22:01:52 - godman_ai.server.api - INFO - get_preset completed in 0.07ms
2025-12-10 22:01:52 - godman_ai.server.api - INFO - get_preset completed in 0.09ms
2025-12-10 22:01:52 - godman_ai.server.api - ERROR - get_preset failed in 0.07ms
2025-12-10 22:01:52 - godman_ai.server.api - INFO - execute_handler completed in 0.52ms
2025-12-10 22:01:52 - godman_ai.server.api - INFO - execute_handler completed in 0.53ms
2025-12-10 22:01:52 - godman_ai.server.api - ERROR - execute_handler failed in 0.08ms
2025-12-10 22:01:52 - godman_ai.server.api - ERROR - execute_handler failed in 0.50ms
2025-12-10 22:01:52 - godman_ai.server.api - ERROR - execute_handler failed in 0.50ms
2025-12-10 22:01:52 - godman_ai.server.api - INFO - execute_handler completed in 31.55ms
2025-12-10 22:01:52 - godman_ai.server.api - INFO - execute_handler completed in 0.59ms
2025-12-10 22:01:52 - godman_ai.server.api - INFO - list_handler_tools completed in 0.08ms
2025-12-10 22:01:52 - godman_ai.server.api - INFO - execute_handler completed in 0.50ms
2025-12-10 22:03:53 - godman_ai.server.api - INFO - list_presets completed in 0.39ms
2025-12-10 22:03:53 - godman_ai.server.api - INFO - get_preset completed in 0.10ms
2025-12-10 22:03:53 - godman_ai.server.api - INFO - get_preset completed in 0.08ms
2025-12-10 22:03:53 - godman_ai.server.api - INFO - get_preset completed in 0.08ms
2025-12-10 22:03:53 - godman_ai.server.api - ERROR - get_preset failed in 0.07ms
2025-12-10 22:03:53 - godman_ai.server.api - INFO - execute_handler completed in 0.60ms
2025-12-10 22:03:53 - godman_ai.server.api - INFO - execute_handler completed in 0.55ms
2025-12-10 22:03:53 - godman_ai.server.api - ERROR - execute_handler failed in 0.07ms
2025-12-10 22:03:53 - godman_ai.server.api - ERROR - execute_handler failed in 0.51ms
2025-12-10 22:03:53 - godman_ai.server.api - ERROR - execute_handler failed in 0.50ms
2025-12-10 22:03:53 - godman_ai.server.api - INFO - execute_handler completed in 31.15ms
2025-12-10 22:03:53 - godman_ai.server.api - INFO - execute_handler completed in 0.52ms
2025-12-10 22:03:53 - godman_ai.server.api - INFO - list_handler_tools completed in 0.08ms
2025-12-10 22:03:53 - godman_ai.server.api - INFO - execute_handler completed in 0.50ms
2025-12-10 22:05:23 - godman_ai.server.api - INFO - list_presets completed in 0.39ms
2025-12-10 22:05:24 - godman_ai.server.api - INFO - get_preset completed in 0.09ms
2025-12-10 22:05:24 - godman_ai.server.api - INFO - get_preset completed in 0.09ms
2025-12-10 22:05:24 - godman_ai.server.api - INFO - get_preset completed in 0.07ms
2025-12-10 22:05:24 - godman_ai.server.api - ERROR - get_preset failed in 0.07ms
2025-12-10 22:05:24 - godman_ai.server.api - INFO - execute_handler completed in 0.58ms
2025-12-10 22:05:24 - godman_ai.server.api - INFO - execute_handler completed in 0.52ms
2025-12-10 22:05:24 - godman_ai.server.api - ERROR - execute_handler failed in 0.08ms
2025-12-10 22:05:24 - godman_ai.server.api - ERROR - execute_handler failed in 0.51ms
2025-12-10 22:05:24 - godman_ai.server.api - ERROR - execute_handler failed in 0.52ms
2025-12-10 22:05:24 - godman_ai.server.api - INFO - execute_handler completed in 30.38ms
2025-12-10 22:05:24 - godman_ai.server.api - INFO - execute_handler completed in 0.53ms
2025-12-10 22:05:24 - godman_ai.server.api - INFO - list_handler_tools completed in 0.08ms
2025-12-10 22:05:24 - godman_ai.server.api - INFO - execute_handler completed in 0.51ms
2025-12-10 22:07:22 - godman_ai.server.api - INFO - list_presets completed in 0.41ms
2025-12-10 22:07:22 - godman_ai.server.api - INFO - get_preset completed in 0.07ms
2025-12-10 22:07:22 - godman_ai.server.api - INFO - get_preset completed in 0.09ms
2025-12-10 22:07:22 - godman_ai.server.api - INFO - get_preset completed in 0.09ms
2025-12-10 22:07:22 - godman_ai.server.api - ERROR - get_preset failed in 0.09ms
2025-12-10 22:07:22 - godman_ai.server.api - INFO - execute_handler completed in 0.56ms
2025-12-10 22:07:22 - godman_ai.server.api - INFO - execute_handler completed in 0.54ms
2025-12-10 22:07:22 - godman_ai.server.api - ERROR - execute_handler failed in 0.10ms
2025-12-10 22:07:22 - godman_ai.server.api - ERROR - execute_handler failed in 0.53ms
2025-12-10 22:07:22 - godman_ai.server.api - ERROR - execute_handler failed in 0.51ms
2025-12-10 22:07:22 - godman_ai.server.api - INFO - execute_handler completed in 31.51ms
2025-12-10 22:07:22 - godman_ai.server.api - INFO - execute_handler completed in 0.57ms
2025-12-10 22:07:22 - godman_ai.server.api - INFO - list_handler_tools completed in 0.08ms
2025-12-10 22:07:22 - godman_ai.server.api - INFO - execute_handler completed in 0.56ms
2025-12-10 22:08:50 - godman_ai.server.api - INFO - list_presets completed in 0.39ms
2025-12-10 22:08:50 - godman_ai.server.api - INFO - get_preset completed in 0.08ms
2025-12-10 22:08:50 - godman_ai.server.api - INFO - get_preset completed in 0.07ms
2025-12-10 22:08:50 - godman_ai.server.api - INFO - get_preset completed in 0.09ms
2025-12-10 22:08:50 - godman_ai.server.api - ERROR - get_preset failed in 0.07ms
2025-12-10 22:08:50 - godman_ai.server.api - INFO - execute_handler completed in 0.55ms
2025-12-10 22:08:50 - godman_ai.server.api - INFO - execute_handler completed in 0.57ms
2025-12-10 22:08:50 - godman_ai.server.api - ERROR - execute_handler failed in 0.08ms
2025-12-10 22:08:50 - godman_ai.server.api - ERROR - execute_handler failed in 0.52ms
2025-12-10 22:08:50 - godman_ai.server.api - ERROR - execute_handler failed in 0.51ms
2025-12-10 22:08:50 - godman_ai.server.api - INFO - execute_handler completed in 30.67ms
2025-12-10 22:08:50 - godman_ai.server.api - INFO - execute_handler completed in 0.56ms
2025-12-10 22:08:50 - godman_ai.server.api - INFO - list_handler_tools completed in 0.08ms
2025-12-10 22:08:50 - godman_ai.server.api - INFO - execute_handler completed in 0.53ms
2025-12-10 22:10:11 - godman_ai.server.api - INFO - list_presets completed in 0.44ms
2025-12-10 22:10:11 - godman_ai.server.api - INFO - get_preset completed in 0.09ms
2025-12-10 22:10:11 - godman_ai.server.api - INFO - get_preset completed in 0.06ms
2025-12-10 22:10:11 - godman_ai.server.api - INFO - get_preset completed in 0.09ms
2025-12-10 22:10:11 - godman_ai.server.api - ERROR - get_preset failed in 0.09ms
2025-12-10 22:10:11 - godman_ai.server.api - INFO - execute_handler completed in 0.56ms
2025-12-10 22:10:11 - godman_ai.server.api - INFO - execute_handler completed in 0.53ms
2025-12-10 22:10:11 - godman_ai.server.api - ERROR - execute_handler failed in 0.08ms
2025-12-10 22:10:11 - godman_ai.server.api - ERROR - execute_handler failed in 0.51ms
2025-12-10 22:10:11 - godman_ai.server.api - ERROR - execute_handler failed in 0.49ms
2025-12-10 22:10:11 - godman_ai.server.api - INFO - execute_handler completed in 30.89ms
2025-12-10 22:10:11 - godman_ai.server.api - INFO - execute_handler completed in 0.61ms
2025-12-10 22:10:11 - godman_ai.server.api - INFO - list_handler_tools completed in 0.08ms
2025-12-10 22:10:11 - godman_ai.server.api - INFO - execute_handler completed in 0.50ms
2025-12-10 22:11:11 - godman_ai.server.api - INFO - list_presets completed in 0.40ms
2025-12-10 22:11:11 - godman_ai.server.api - INFO - get_preset completed in 0.08ms
2025-12-10 22:11:11 - godman_ai.server.api - INFO - get_preset completed in 0.07ms
2025-12-10 22:11:11 - godman_ai.server.api - INFO - get_preset completed in 0.07ms
2025-12-10 22:11:11 - godman_ai.server.api - ERROR - get_preset failed in 0.07ms
2025-12-10 22:11:11 - godman_ai.server.api - INFO - execute_handler completed in 0.71ms
2025-12-10 22:11:11 - godman_ai.server.api - INFO - execute_handler completed in 0.68ms
2025-12-10 22:11:11 - godman_ai.server.api - ERROR - execute_handler failed in 0.09ms
2025-12-10 22:11:11 - godman_ai.server.api - ERROR - execute_handler failed in 0.51ms
2025-12-10 22:11:11 - godman_ai.server.api - ERROR - execute_handler failed in 0.56ms
2025-12-10 22:11:11 - godman_ai.server.api - INFO - execute_handler completed in 31.75ms
2025-12-10 22:11:11 - godman_ai.server.api - INFO - execute_handler completed in 0.65ms
2025-12-10 22:11:11 - godman_ai.server.api - INFO - list_handler_tools completed in 0.07ms
2025-12-10 22:11:11 - godman_ai.server.api - INFO - execute_handler completed in 0.64ms
2025-12-10 22:18:05 - godman_ai.server.api - INFO - list_presets completed in 2.25ms
2025-12-10 22:18:05 - godman_ai.server.api - INFO - get_preset completed in 0.08ms
2025-12-10 22:18:05 - godman_ai.server.api - INFO - get_preset completed in 0.07ms
2025-12-10 22:18:05 - godman_ai.server.api - INFO - get_preset completed in 0.07ms
2025-12-10 22:18:05 - godman_ai.server.api - ERROR - get_preset failed in 0.07ms
2025-12-10 22:18:05 - godman_ai.server.api - INFO - execute_handler completed in 0.71ms
2025-12-10 22:18:05 - godman_ai.server.api - INFO - execute_handler completed in 0.65ms
2025-12-10 22:18:05 - godman_ai.server.api - ERROR - execute_handler failed in 0.10ms
2025-12-10 22:18:05 - godman_ai.server.api - ERROR - execute_handler failed in 0.52ms
2025-12-10 22:18:05 - godman_ai.server.api - ERROR - execute_handler failed in 0.50ms
2025-12-10 22:18:05 - godman_ai.server.api - INFO - execute_handler completed in 31.57ms
2025-12-10 22:18:05 - godman_ai.server.api - INFO - execute_handler completed in 0.67ms
2025-12-10 22:18:05 - godman_ai.server.api - INFO - list_handler_tools completed in 0.10ms
2025-12-10 22:18:05 - godman_ai.server.api - INFO - execute_handler completed in 0.65ms
2025-12-11 00:00:12 - godman_ai.server.api - INFO - list_presets completed in 0.43ms
2025-12-11 00:00:12 - godman_ai.server.api - INFO - get_preset completed in 0.08ms
2025-12-11 00:00:12 - godman_ai.server.api - INFO - get_preset completed in 0.10ms
2025-12-11 00:00:12 - godman_ai.server.api - INFO - get_preset completed in 0.08ms
2025-12-11 00:00:12 - godman_ai.server.api - ERROR - get_preset failed in 0.09ms
2025-12-11 00:00:12 - godman_ai.server.api - INFO - execute_handler completed in 0.71ms
2025-12-11 00:00:12 - godman_ai.server.api - INFO - execute_handler completed in 0.83ms
2025-12-11 00:00:12 - godman_ai.server.api - ERROR - execute_handler failed in 0.12ms
2025-12-11 00:00:12 - godman_ai.server.api - ERROR - execute_handler failed in 0.65ms
2025-12-11 00:00:12 - godman_ai.server.api - ERROR - execute_handler failed in 0.55ms
2025-12-11 00:00:12 - godman_ai.server.api - INFO - execute_handler completed in 35.16ms
2025-12-11 00:00:12 - godman_ai.server.api - INFO - execute_handler completed in 0.76ms
2025-12-11 00:00:12 - godman_ai.server.api - INFO - list_handler_tools completed in 0.10ms
2025-12-11 00:00:12 - godman_ai.server.api - INFO - execute_handler completed in 0.79ms
2025-12-11 00:00:25 - godman_ai.server.api - INFO - list_presets completed in 0.48ms
2025-12-11 00:00:25 - godman_ai.server.api - INFO - get_preset completed in 0.15ms
2025-12-11 00:00:25 - godman_ai.server.api - INFO - get_preset completed in 0.11ms
2025-12-11 00:00:25 - godman_ai.server.api - INFO - get_preset completed in 0.11ms
2025-12-11 00:00:25 - godman_ai.server.api - ERROR - get_preset failed in 0.10ms
2025-12-11 00:00:25 - godman_ai.server.api - INFO - execute_handler completed in 0.85ms
2025-12-11 00:00:25 - godman_ai.server.api - INFO - execute_handler completed in 0.77ms
2025-12-11 00:00:25 - godman_ai.server.api - ERROR - execute_handler failed in 0.10ms
2025-12-11 00:00:25 - godman_ai.server.api - ERROR - execute_handler failed in 0.63ms
2025-12-11 00:00:25 - godman_ai.server.api - ERROR - execute_handler failed in 0.59ms
2025-12-11 00:00:25 - godman_ai.server.api - INFO - execute_handler completed in 35.77ms
2025-12-11 00:00:25 - godman_ai.server.api - INFO - execute_handler completed in 0.84ms
2025-12-11 00:00:25 - godman_ai.server.api - INFO - list_handler_tools completed in 0.12ms
2025-12-11 00:00:25 - godman_ai.server.api - INFO - execute_handler completed in 0.79ms
2025-12-11 00:18:30 - godman_ai.server.api - INFO - list_presets completed in 0.43ms
2025-12-11 00:18:30 - godman_ai.server.api - INFO - get_preset completed in 0.09ms
2025-12-11 00:18:30 - godman_ai.server.api - INFO - get_preset completed in 0.10ms
2025-12-11 00:18:30 - godman_ai.server.api - INFO - get_preset completed in 0.07ms
2025-12-11 00:18:30 - godman_ai.server.api - ERROR - get_preset failed in 0.10ms
2025-12-11 00:18:30 - godman_ai.server.api - INFO - execute_handler completed in 0.80ms
2025-12-11 00:18:30 - godman_ai.server.api - INFO - execute_handler completed in 0.78ms
2025-12-11 00:18:30 - godman_ai.server.api - ERROR - execute_handler failed in 0.11ms
2025-12-11 00:18:30 - godman_ai.server.api - ERROR - execute_handler failed in 0.58ms
2025-12-11 00:18:30 - godman_ai.server.api - ERROR - execute_handler failed in 0.57ms
2025-12-11 00:18:30 - godman_ai.server.api - INFO - execute_handler completed in 36.23ms
2025-12-11 00:18:30 - godman_ai.server.api - INFO - execute_handler completed in 0.84ms
2025-12-11 00:18:30 - godman_ai.server.api - INFO - list_handler_tools completed in 0.10ms
2025-12-11 00:18:30 - godman_ai.server.api - INFO - execute_handler completed in 0.78ms
2025-12-11 00:18:57 - godman_ai.server.api - INFO - list_presets completed in 0.44ms
2025-12-11 00:18:57 - godman_ai.server.api - INFO - get_preset completed in 0.12ms
2025-12-11 00:18:57 - godman_ai.server.api - INFO - get_preset completed in 0.10ms
2025-12-11 00:18:57 - godman_ai.server.api - INFO - get_preset completed in 0.08ms
2025-12-11 00:18:57 - godman_ai.server.api - ERROR - get_preset failed in 0.12ms
2025-12-11 00:18:57 - godman_ai.server.api - INFO - execute_handler completed in 0.82ms
2025-12-11 00:18:57 - godman_ai.server.api - INFO - execute_handler completed in 0.81ms
2025-12-11 00:18:57 - godman_ai.server.api - ERROR - execute_handler failed in 0.09ms
2025-12-11 00:18:57 - godman_ai.server.api - ERROR - execute_handler failed in 0.59ms
2025-12-11 00:18:57 - godman_ai.server.api - ERROR - execute_handler failed in 0.62ms
2025-12-11 00:18:57 - godman_ai.server.api - INFO - execute_handler completed in 36.01ms
2025-12-11 00:18:57 - godman_ai.server.api - INFO - execute_handler completed in 0.85ms
2025-12-11 00:18:57 - godman_ai.server.api - INFO - list_handler_tools completed in 0.13ms
2025-12-11 00:18:57 - godman_ai.server.api - INFO - execute_handler completed in 0.79ms
2025-12-11 00:19:10 - godman_ai.server.api - INFO - list_presets completed in 0.42ms
2025-12-11 00:19:10 - godman_ai.server.api - INFO - get_preset completed in 0.13ms
2025-12-11 00:19:10 - godman_ai.server.api - INFO - get_preset completed in 0.10ms
2025-12-11 00:19:10 - godman_ai.server.api - INFO - get_preset completed in 0.10ms
2025-12-11 00:19:10 - godman_ai.server.api - ERROR - get_preset failed in 0.09ms
2025-12-11 00:19:10 - godman_ai.server.api - INFO - execute_handler completed in 0.89ms
2025-12-11 00:19:10 - godman_ai.server.api - INFO - execute_handler completed in 0.84ms
2025-12-11 00:19:10 - godman_ai.server.api - ERROR - execute_handler failed in 0.11ms
2025-12-11 00:19:10 - godman_ai.server.api - ERROR - execute_handler failed in 0.59ms
2025-12-11 00:19:10 - godman_ai.server.api - ERROR - execute_handler failed in 0.62ms
2025-12-11 00:19:10 - godman_ai.server.api - INFO - execute_handler completed in 37.05ms
2025-12-11 00:19:10 - godman_ai.server.api - INFO - execute_handler completed in 0.81ms
2025-12-11 00:19:10 - godman_ai.server.api - INFO - list_handler_tools completed in 0.15ms
2025-12-11 00:19:10 - godman_ai.server.api - INFO - execute_handler completed in 0.86ms
2025-12-11 00:25:47 - godman_ai.server.api - INFO - list_presets completed in 0.42ms
2025-12-11 00:25:47 - godman_ai.server.api - INFO - get_preset completed in 0.11ms
2025-12-11 00:25:47 - godman_ai.server.api - INFO - get_preset completed in 0.09ms
2025-12-11 00:25:47 - godman_ai.server.api - INFO - get_preset completed in 0.08ms
2025-12-11 00:25:47 - godman_ai.server.api - ERROR - get_preset failed in 0.11ms
2025-12-11 00:25:47 - godman_ai.server.api - INFO - execute_handler completed in 0.74ms
2025-12-11 00:25:47 - godman_ai.server.api - INFO - execute_handler completed in 0.73ms
2025-12-11 00:25:47 - godman_ai.server.api - ERROR - execute_handler failed in 0.08ms
2025-12-11 00:25:47 - godman_ai.server.api - ERROR - execute_handler failed in 0.56ms
2025-12-11 00:25:47 - godman_ai.server.api - ERROR - execute_handler failed in 0.89ms
2025-12-11 00:25:47 - godman_ai.server.api - INFO - execute_handler completed in 35.05ms
2025-12-11 00:25:47 - godman_ai.server.api - INFO - execute_handler completed in 2.40ms
2025-12-11 00:25:47 - godman_ai.server.api - INFO - list_handler_tools completed in 0.12ms
2025-12-11 00:25:47 - godman_ai.server.api - INFO - execute_handler completed in 0.70ms
